#! /usr/bin/vvp
:ivl_version "10.3 (stable)";
:ivl_delay_selection "TYPICAL";
:vpi_time_precision + 0;
:vpi_module "system";
:vpi_module "vhdl_sys";
:vpi_module "v2005_math";
:vpi_module "va_math";
S_0x559a8a9960d0 .scope module, "Reg" "Reg" 2 2;
 .timescale 0 0;
    .port_info 0 /INPUT 1 "clk"
    .port_info 1 /INPUT 1 "rst"
    .port_info 2 /INPUT 1 "din"
    .port_info 3 /OUTPUT 1 "dout"
    .port_info 4 /INPUT 1 "wen"
P_0x559a8a993550 .param/l "RESET_VAL" 0 2 2, +C4<00000000000000000000000000000000>;
P_0x559a8a993590 .param/l "WIDTH" 0 2 2, +C4<00000000000000000000000000000001>;
o0x7fd2f7afc018 .functor BUFZ 1, C4<z>; HiZ drive
v0x559a8a9a87c0_0 .net "clk", 0 0, o0x7fd2f7afc018;  0 drivers
o0x7fd2f7afc048 .functor BUFZ 1, C4<z>; HiZ drive
v0x559a8a9d9da0_0 .net "din", 0 0, o0x7fd2f7afc048;  0 drivers
v0x559a8a9d9e80_0 .var "dout", 0 0;
o0x7fd2f7afc0a8 .functor BUFZ 1, C4<z>; HiZ drive
v0x559a8a9d9f70_0 .net "rst", 0 0, o0x7fd2f7afc0a8;  0 drivers
o0x7fd2f7afc0d8 .functor BUFZ 1, C4<z>; HiZ drive
v0x559a8a9da030_0 .net "wen", 0 0, o0x7fd2f7afc0d8;  0 drivers
E_0x559a8a9cb7d0 .event posedge, v0x559a8a9a87c0_0;
    .scope S_0x559a8a9960d0;
T_0 ;
    %wait E_0x559a8a9cb7d0;
    %load/vec4 v0x559a8a9d9f70_0;
    %flag_set/vec4 8;
    %jmp/0xz  T_0.0, 8;
    %pushi/vec4 0, 0, 1;
    %assign/vec4 v0x559a8a9d9e80_0, 0;
    %jmp T_0.1;
T_0.0 ;
    %load/vec4 v0x559a8a9da030_0;
    %flag_set/vec4 8;
    %jmp/0xz  T_0.2, 8;
    %load/vec4 v0x559a8a9d9da0_0;
    %assign/vec4 v0x559a8a9d9e80_0, 0;
T_0.2 ;
T_0.1 ;
    %jmp T_0;
    .thread T_0;
# The file index is used to find the file name in the following table.
:file_names 3;
    "N/A";
    "<interactive>";
    "Reg.v";
